Using pre-set license
Built from '2020.3/staging' branch; Version is '2020.3.20f1 (41c4e627c95f) revision 4310246'; Using compiler version '192528614'; Build Type 'Release'
OS: 'Windows 10 Pro; OS build 19042.1288; Version 2009; 64bit' Language: 'zh' Physical Memory: 16264 MB
BatchMode: 1, IsHumanControllingUs: 0, StartBugReporterOnCrash: 0, Is64bit: 1, IsPro: 0

COMMAND LINE ARGUMENTS:
C:\Program Files\Unity\Hub\Editor\2020.3.20f1\Editor\Unity.exe
-adb2
-batchMode
-noUpm
-name
AssetImportWorker0
-projectPath
C:/Users/user/Documents/GitHub/108051091_bear/New Unity Project (1)
-logFile
Logs/AssetImportWorker0.log
-srvPort
3201
Successfully changed project path to: C:/Users/user/Documents/GitHub/108051091_bear/New Unity Project (1)
C:/Users/user/Documents/GitHub/108051091_bear/New Unity Project (1)
Using Asset Import Pipeline V2.
Refreshing native plugins compatible for Editor in 34.46 ms, found 3 plugins.
Preloading 0 native plugins for Editor in 0.00 ms.
Initialize engine version: 2020.3.20f1 (41c4e627c95f)
[Subsystems] Discovering subsystems at path C:/Program Files/Unity/Hub/Editor/2020.3.20f1/Editor/Data/Resources/UnitySubsystems
[Subsystems] Discovering subsystems at path C:/Users/user/Documents/GitHub/108051091_bear/New Unity Project (1)/Assets
GfxDevice: creating device client; threaded=0
Direct3D:
    Version:  Direct3D 11.0 [level 11.1]
    Renderer: NVIDIA GeForce GTX 1060 3GB (ID=0x1c02)
    Vendor:   
    VRAM:     2988 MB
    Driver:   30.0.14.7196
Initialize mono
Mono path[0] = 'C:/Program Files/Unity/Hub/Editor/2020.3.20f1/Editor/Data/Managed'
Mono path[1] = 'C:/Program Files/Unity/Hub/Editor/2020.3.20f1/Editor/Data/MonoBleedingEdge/lib/mono/unityjit'
Mono config path = 'C:/Program Files/Unity/Hub/Editor/2020.3.20f1/Editor/Data/MonoBleedingEdge/etc'
Using monoOptions --debugger-agent=transport=dt_socket,embedding=1,server=y,suspend=n,address=127.0.0.1:56720
Begin MonoManager ReloadAssembly
Registering precompiled unity dll's ...
Register platform support module: C:/Program Files/Unity/Hub/Editor/2020.3.20f1/Editor/Data/PlaybackEngines/WebGLSupport/UnityEditor.WebGL.Extensions.dll
Register platform support module: C:/Program Files/Unity/Hub/Editor/2020.3.20f1/Editor/Data/PlaybackEngines/WindowsStandaloneSupport/UnityEditor.WindowsStandalone.Extensions.dll
Registered in 0.001574 seconds.
Native extension for WindowsStandalone target not found
Native extension for WebGL target not found
Refreshing native plugins compatible for Editor in 34.72 ms, found 3 plugins.
Preloading 0 native plugins for Editor in 0.00 ms.
Mono: successfully reloaded assembly
- Completed reload, in  1.409 seconds
Domain Reload Profiling:
	ReloadAssembly (1409ms)
		BeginReloadAssembly (41ms)
			ExecutionOrderSort (0ms)
			DisableScriptedObjects (0ms)
			BackupInstance (0ms)
			ReleaseScriptingObjects (0ms)
			CreateAndSetChildDomain (1ms)
		EndReloadAssembly (336ms)
			LoadAssemblies (39ms)
			RebuildTransferFunctionScriptingTraits (0ms)
			SetupTypeCache (118ms)
			ReleaseScriptCaches (0ms)
			RebuildScriptCaches (26ms)
			SetupLoadedEditorAssemblies (138ms)
				LogAssemblyErrors (0ms)
				InitializePlatformSupportModulesInManaged (4ms)
				SetLoadedEditorAssemblies (0ms)
				RefreshPlugins (35ms)
				BeforeProcessingInitializeOnLoad (13ms)
				ProcessInitializeOnLoadAttributes (62ms)
				ProcessInitializeOnLoadMethodAttributes (24ms)
				AfterProcessingInitializeOnLoad (0ms)
				EditorAssembliesLoaded (0ms)
			ExecutionOrderSort2 (0ms)
			AwakeInstancesAfterBackupRestoration (0ms)
Platform modules already initialized, skipping
Registering precompiled user dll's ...
Registered in 0.002076 seconds.
Begin MonoManager ReloadAssembly
Native extension for WindowsStandalone target not found
Native extension for WebGL target not found
Refreshing native plugins compatible for Editor in 47.59 ms, found 3 plugins.
Preloading 0 native plugins for Editor in 0.00 ms.
Mono: successfully reloaded assembly
- Completed reload, in  0.891 seconds
Domain Reload Profiling:
	ReloadAssembly (892ms)
		BeginReloadAssembly (113ms)
			ExecutionOrderSort (0ms)
			DisableScriptedObjects (4ms)
			BackupInstance (0ms)
			ReleaseScriptingObjects (0ms)
			CreateAndSetChildDomain (14ms)
		EndReloadAssembly (729ms)
			LoadAssemblies (68ms)
			RebuildTransferFunctionScriptingTraits (0ms)
			SetupTypeCache (230ms)
			ReleaseScriptCaches (0ms)
			RebuildScriptCaches (37ms)
			SetupLoadedEditorAssemblies (289ms)
				LogAssemblyErrors (0ms)
				InitializePlatformSupportModulesInManaged (4ms)
				SetLoadedEditorAssemblies (0ms)
				RefreshPlugins (48ms)
				BeforeProcessingInitializeOnLoad (67ms)
				ProcessInitializeOnLoadAttributes (156ms)
				ProcessInitializeOnLoadMethodAttributes (10ms)
				AfterProcessingInitializeOnLoad (4ms)
				EditorAssembliesLoaded (0ms)
			ExecutionOrderSort2 (0ms)
			AwakeInstancesAfterBackupRestoration (5ms)
Platform modules already initialized, skipping
========================================================================
Worker process is ready to serve import requests
Launched and connected shader compiler UnityShaderCompiler.exe after 0.14 seconds
Refreshing native plugins compatible for Editor in 0.38 ms, found 3 plugins.
Preloading 0 native plugins for Editor in 0.00 ms.
Unloading 2120 Unused Serialized files (Serialized files now loaded: 0)
System memory in use before: 93.7 MB.
System memory in use after: 93.8 MB.

Unloading 26 unused Assets to reduce memory usage. Loaded Objects now: 2559.
Total: 2.806000 ms (FindLiveObjects: 0.145200 ms CreateObjectMapping: 0.060400 ms MarkObjects: 2.509400 ms  DeleteObjects: 0.090100 ms)

AssetImportParameters requested are different than current active one (requested -> active):
  custom:framework-win-MediaFoundation: 216162199b28c13a410421893ffa2e32 -> 
  custom:video-decoder-ogg-theora: a1e56fd34408186e4bbccfd4996cb3dc -> 
  custom:container-muxer-webm: aa71ff27fc2769a1b78a27578f13a17b -> 
  custom:container-demuxer-webm: 4f35f7cbe854078d1ac9338744f61a02 -> 
  custom:container-demuxer-ogg: 62fdf1f143b41e24485cea50d1cbac27 -> 
  custom:video-encoder-webm-vp8: eb34c28f22e8b96e1ab97ce403110664 -> 
  custom:video-decoder-webm-vp8: 9c59270c3fd7afecdb556c50c9e8de78 -> 
  custom:audio-decoder-ogg-vorbis: bf7c407c2cedff20999df2af8eb42d56 -> 
  custom:audio-encoder-webm-vorbis: bf7c407c2cedff20999df2af8eb42d56 -> 
========================================================================
Received Import Request.
  path: Assets/2DpackageFixed/Scenes
  artifactKey: Guid(a30162dc0cbbdac448ff31145fc67758) Importer(815301076,1909f56bfc062723c751e8b465ee728b)
Start importing Assets/2DpackageFixed/Scenes using Guid(a30162dc0cbbdac448ff31145fc67758) Importer(815301076,1909f56bfc062723c751e8b465ee728b)  -> (artifact id: 'cc2e603279499fcc5246421cabfbfbfb') in 0.006939 seconds 
  Import took 0.009683 seconds .

========================================================================
Received Import Request.
  Time since last request: 0.000232 seconds.
  path: Assets/2DpackageFixed
  artifactKey: Guid(3010c89708e8941449b235f7a9d1bb77) Importer(815301076,1909f56bfc062723c751e8b465ee728b)
Start importing Assets/2DpackageFixed using Guid(3010c89708e8941449b235f7a9d1bb77) Importer(815301076,1909f56bfc062723c751e8b465ee728b)  -> (artifact id: 'e4675e002e25132968392d0d40b568df') in 0.005143 seconds 
  Import took 0.007912 seconds .

========================================================================
Received Import Request.
  Time since last request: 0.000269 seconds.
  path: Assets/2DpackageFixed/Scenes/class_week14_student.unity
  artifactKey: Guid(300d93c7183b3480faa2fa11c59e2784) Importer(815301076,1909f56bfc062723c751e8b465ee728b)
Start importing Assets/2DpackageFixed/Scenes/class_week14_student.unity using Guid(300d93c7183b3480faa2fa11c59e2784) Importer(815301076,1909f56bfc062723c751e8b465ee728b)  -> (artifact id: '9dfd4e31c8e1c2d5fb50f34cf013f540') in 0.013438 seconds 
  Import took 0.016018 seconds .

========================================================================
Received Import Request.
  Time since last request: 32.230632 seconds.
  path: Assets/Scripts/KG_class
  artifactKey: Guid(dbe2751b78ab9744c82149573910c409) Importer(815301076,1909f56bfc062723c751e8b465ee728b)
Start importing Assets/Scripts/KG_class using Guid(dbe2751b78ab9744c82149573910c409) Importer(815301076,1909f56bfc062723c751e8b465ee728b)  -> (artifact id: '9724600602881053b2a42aa9445e8f1c') in 0.005970 seconds 
  Import took 0.008991 seconds .

========================================================================
Received Import Request.
  Time since last request: 6.715750 seconds.
  path: Assets/Scripts/KG_class/DamageZoneKG.cs
  artifactKey: Guid(13a546233df85499f840e31b88604c89) Importer(815301076,1909f56bfc062723c751e8b465ee728b)
Start importing Assets/Scripts/KG_class/DamageZoneKG.cs using Guid(13a546233df85499f840e31b88604c89) Importer(815301076,1909f56bfc062723c751e8b465ee728b)  -> (artifact id: '9204d8179949f4c52b45cee10cecaee6') in 0.016018 seconds 
  Import took 0.019028 seconds .

========================================================================
Received Import Request.
  Time since last request: 14.330814 seconds.
  path: Assets/Scripts/KG_class/DamageZoneKGV1.cs
  artifactKey: Guid(6e65c55bcdd0a44f088bf076adf0d73b) Importer(815301076,1909f56bfc062723c751e8b465ee728b)
Start importing Assets/Scripts/KG_class/DamageZoneKGV1.cs using Guid(6e65c55bcdd0a44f088bf076adf0d73b) Importer(815301076,1909f56bfc062723c751e8b465ee728b)  -> (artifact id: '5dcd2c482fc188044215f222885343cb') in 0.005666 seconds 
  Import took 0.008940 seconds .

========================================================================
Received Import Request.
  Time since last request: 7.715436 seconds.
  path: Assets/Scripts/KG_class/EnemyGo.cs
  artifactKey: Guid(024fd60b1d289478d9772a5eba6327ae) Importer(815301076,1909f56bfc062723c751e8b465ee728b)
Start importing Assets/Scripts/KG_class/EnemyGo.cs using Guid(024fd60b1d289478d9772a5eba6327ae) Importer(815301076,1909f56bfc062723c751e8b465ee728b)  -> (artifact id: '10fc652387543d27f5d878b9046c661e') in 0.005210 seconds 
  Import took 0.008053 seconds .

========================================================================
Received Import Request.
  Time since last request: 3.777399 seconds.
  path: Assets/Scripts/KG_class/EnemyGo_14a.cs
  artifactKey: Guid(ba36eb392d6ef480aa339a8005e556c4) Importer(815301076,1909f56bfc062723c751e8b465ee728b)
Start importing Assets/Scripts/KG_class/EnemyGo_14a.cs using Guid(ba36eb392d6ef480aa339a8005e556c4) Importer(815301076,1909f56bfc062723c751e8b465ee728b)  -> (artifact id: '7c45064b917b2e3b729122932aef1d75') in 0.004993 seconds 
  Import took 0.007867 seconds .

========================================================================
Received Import Request.
  Time since last request: 20.197954 seconds.
  path: Assets/Scripts/KG_class/EnemyGo_14a.cs
  artifactKey: Guid(ba36eb392d6ef480aa339a8005e556c4) Importer(815301076,1909f56bfc062723c751e8b465ee728b)
Start importing Assets/Scripts/KG_class/EnemyGo_14a.cs using Guid(ba36eb392d6ef480aa339a8005e556c4) Importer(815301076,1909f56bfc062723c751e8b465ee728b)  -> (artifact id: '4131cfceffb5020185ad23cb2f44ecb7') in 0.002070 seconds 
  Import took 0.004876 seconds .

========================================================================
Received Import Request.
  Time since last request: 16.351381 seconds.
  path: Assets/Scripts/KG_class/Collectable.cs
  artifactKey: Guid(500ba01a1a1da4008aebf30c9b07f8fe) Importer(815301076,1909f56bfc062723c751e8b465ee728b)
Start importing Assets/Scripts/KG_class/Collectable.cs using Guid(500ba01a1a1da4008aebf30c9b07f8fe) Importer(815301076,1909f56bfc062723c751e8b465ee728b)  -> (artifact id: '17472184d64de723c1f52edb86ea0a84') in 0.004970 seconds 
  Import took 0.007998 seconds .

========================================================================
Received Import Request.
  Time since last request: 10.494706 seconds.
  path: Assets/Scripts/KG_class/Collectable.cs
  artifactKey: Guid(500ba01a1a1da4008aebf30c9b07f8fe) Importer(815301076,1909f56bfc062723c751e8b465ee728b)
Start importing Assets/Scripts/KG_class/Collectable.cs using Guid(500ba01a1a1da4008aebf30c9b07f8fe) Importer(815301076,1909f56bfc062723c751e8b465ee728b)  -> (artifact id: 'ff356499cff9d6690c27f72eb67b9573') in 0.001974 seconds 
  Import took 0.005043 seconds .

========================================================================
Received Import Request.
  Time since last request: 10.893460 seconds.
  path: Assets/Scripts/KG_class/Collectable.cs
  artifactKey: Guid(500ba01a1a1da4008aebf30c9b07f8fe) Importer(815301076,1909f56bfc062723c751e8b465ee728b)
Start importing Assets/Scripts/KG_class/Collectable.cs using Guid(500ba01a1a1da4008aebf30c9b07f8fe) Importer(815301076,1909f56bfc062723c751e8b465ee728b)  -> (artifact id: '1c937cf2b92e0cfb9b95028a83895e5d') in 0.001873 seconds 
  Import took 0.005965 seconds .

========================================================================
Received Prepare
Registering precompiled user dll's ...
Registered in 0.002169 seconds.
Begin MonoManager ReloadAssembly
Native extension for WindowsStandalone target not found
Native extension for WebGL target not found
Refreshing native plugins compatible for Editor in 0.43 ms, found 3 plugins.
Preloading 0 native plugins for Editor in 0.00 ms.
Mono: successfully reloaded assembly
- Completed reload, in  0.817 seconds
Domain Reload Profiling:
	ReloadAssembly (818ms)
		BeginReloadAssembly (88ms)
			ExecutionOrderSort (0ms)
			DisableScriptedObjects (6ms)
			BackupInstance (0ms)
			ReleaseScriptingObjects (0ms)
			CreateAndSetChildDomain (28ms)
		EndReloadAssembly (678ms)
			LoadAssemblies (69ms)
			RebuildTransferFunctionScriptingTraits (0ms)
			SetupTypeCache (236ms)
			ReleaseScriptCaches (1ms)
			RebuildScriptCaches (34ms)
			SetupLoadedEditorAssemblies (245ms)
				LogAssemblyErrors (0ms)
				InitializePlatformSupportModulesInManaged (5ms)
				SetLoadedEditorAssemblies (0ms)
				RefreshPlugins (0ms)
				BeforeProcessingInitializeOnLoad (68ms)
				ProcessInitializeOnLoadAttributes (162ms)
				ProcessInitializeOnLoadMethodAttributes (4ms)
				AfterProcessingInitializeOnLoad (4ms)
				EditorAssembliesLoaded (0ms)
			ExecutionOrderSort2 (0ms)
			AwakeInstancesAfterBackupRestoration (9ms)
Platform modules already initialized, skipping
Refreshing native plugins compatible for Editor in 0.40 ms, found 3 plugins.
Preloading 0 native plugins for Editor in 0.00 ms.
Unloading 2107 Unused Serialized files (Serialized files now loaded: 0)
System memory in use before: 93.1 MB.
System memory in use after: 93.3 MB.

Unloading 17 unused Assets to reduce memory usage. Loaded Objects now: 2559.
Total: 2.639900 ms (FindLiveObjects: 0.163600 ms CreateObjectMapping: 0.061400 ms MarkObjects: 2.396100 ms  DeleteObjects: 0.018300 ms)

AssetImportParameters requested are different than current active one (requested -> active):
  custom:framework-win-MediaFoundation: 216162199b28c13a410421893ffa2e32 -> 
  custom:video-decoder-ogg-theora: a1e56fd34408186e4bbccfd4996cb3dc -> 
  custom:container-muxer-webm: aa71ff27fc2769a1b78a27578f13a17b -> 
  custom:container-demuxer-webm: 4f35f7cbe854078d1ac9338744f61a02 -> 
  custom:container-demuxer-ogg: 62fdf1f143b41e24485cea50d1cbac27 -> 
  custom:video-encoder-webm-vp8: eb34c28f22e8b96e1ab97ce403110664 -> 
  custom:video-decoder-webm-vp8: 9c59270c3fd7afecdb556c50c9e8de78 -> 
  custom:audio-decoder-ogg-vorbis: bf7c407c2cedff20999df2af8eb42d56 -> 
  custom:audio-encoder-webm-vorbis: bf7c407c2cedff20999df2af8eb42d56 -> 
========================================================================
Received Prepare
Registering precompiled user dll's ...
Registered in 0.002016 seconds.
Begin MonoManager ReloadAssembly
Native extension for WindowsStandalone target not found
Native extension for WebGL target not found
Refreshing native plugins compatible for Editor in 0.67 ms, found 3 plugins.
Preloading 0 native plugins for Editor in 0.00 ms.
Invalid AssetDatabase path: /Editor/EditorResources/cm_logo_sm.png. Use path relative to the project folder.
UnityEngine.StackTraceUtility:ExtractStackTrace ()
UnityEditor.AssetDatabase:LoadAssetAtPath<UnityEngine.Texture2D> (string)
Cinemachine.Editor.CinemachineSettings:get_CinemachineLogoTexture () (at Library/PackageCache/com.unity.cinemachine@2.6.11/Editor/Windows/CinemachineSettings.cs:205)
Cinemachine.Editor.CinemachineSettings:.cctor () (at Library/PackageCache/com.unity.cinemachine@2.6.11/Editor/Windows/CinemachineSettings.cs:237)
Cinemachine.CinemachineColliderPrefs:.cctor () (at Library/PackageCache/com.unity.cinemachine@2.6.11/Editor/Windows/CinemachineColliderPrefs.cs:61)
System.Runtime.CompilerServices.RuntimeHelpers:RunClassConstructor (System.RuntimeTypeHandle)
UnityEditor.EditorAssemblies:ProcessInitializeOnLoadAttributes (System.Type[])

[Library/PackageCache/com.unity.cinemachine@2.6.11/Editor/Windows/CinemachineSettings.cs line 205]

Mono: successfully reloaded assembly
- Completed reload, in  0.815 seconds
Domain Reload Profiling:
	ReloadAssembly (815ms)
		BeginReloadAssembly (86ms)
			ExecutionOrderSort (0ms)
			DisableScriptedObjects (5ms)
			BackupInstance (0ms)
			ReleaseScriptingObjects (0ms)
			CreateAndSetChildDomain (26ms)
		EndReloadAssembly (678ms)
			LoadAssemblies (74ms)
			RebuildTransferFunctionScriptingTraits (0ms)
			SetupTypeCache (236ms)
			ReleaseScriptCaches (1ms)
			RebuildScriptCaches (34ms)
			SetupLoadedEditorAssemblies (250ms)
				LogAssemblyErrors (0ms)
				InitializePlatformSupportModulesInManaged (5ms)
				SetLoadedEditorAssemblies (0ms)
				RefreshPlugins (1ms)
				BeforeProcessingInitializeOnLoad (66ms)
				ProcessInitializeOnLoadAttributes (169ms)
				ProcessInitializeOnLoadMethodAttributes (4ms)
				AfterProcessingInitializeOnLoad (4ms)
				EditorAssembliesLoaded (0ms)
			ExecutionOrderSort2 (0ms)
			AwakeInstancesAfterBackupRestoration (8ms)
Platform modules already initialized, skipping
Refreshing native plugins compatible for Editor in 0.53 ms, found 3 plugins.
Preloading 0 native plugins for Editor in 0.00 ms.
Unloading 2254 Unused Serialized files (Serialized files now loaded: 0)
System memory in use before: 98.2 MB.
System memory in use after: 98.3 MB.

Unloading 15 unused Assets to reduce memory usage. Loaded Objects now: 2708.
Total: 2.544700 ms (FindLiveObjects: 0.145200 ms CreateObjectMapping: 0.061900 ms MarkObjects: 2.261800 ms  DeleteObjects: 0.075200 ms)

AssetImportParameters requested are different than current active one (requested -> active):
  custom:framework-win-MediaFoundation: 216162199b28c13a410421893ffa2e32 -> 
  custom:video-decoder-ogg-theora: a1e56fd34408186e4bbccfd4996cb3dc -> 
  custom:container-muxer-webm: aa71ff27fc2769a1b78a27578f13a17b -> 
  custom:container-demuxer-webm: 4f35f7cbe854078d1ac9338744f61a02 -> 
  custom:container-demuxer-ogg: 62fdf1f143b41e24485cea50d1cbac27 -> 
  custom:video-encoder-webm-vp8: eb34c28f22e8b96e1ab97ce403110664 -> 
  custom:video-decoder-webm-vp8: 9c59270c3fd7afecdb556c50c9e8de78 -> 
  custom:audio-decoder-ogg-vorbis: bf7c407c2cedff20999df2af8eb42d56 -> 
  custom:audio-encoder-webm-vorbis: bf7c407c2cedff20999df2af8eb42d56 -> 
========================================================================
Received Import Request.
  Time since last request: 274.945026 seconds.
  path: ProjectSettings/TagManager.asset
  artifactKey: Guid(00000000000000003000000000000000) Importer(815301076,1909f56bfc062723c751e8b465ee728b)
Start importing ProjectSettings/TagManager.asset using Guid(00000000000000003000000000000000) Importer(815301076,1909f56bfc062723c751e8b465ee728b)  -> (artifact id: '95df672b4aaba54310d34c83eef51bb8') in 0.019770 seconds 
  Import took 0.022510 seconds .

========================================================================
Received Import Request.
  Time since last request: 79.368395 seconds.
  path: Assets/2DpackageFixed/Preabs_class/Box-fixed.prefab
  artifactKey: Guid(7195b2233536d4fa886b08769bc60fe2) Importer(815301076,1909f56bfc062723c751e8b465ee728b)
Start importing Assets/2DpackageFixed/Preabs_class/Box-fixed.prefab using Guid(7195b2233536d4fa886b08769bc60fe2) Importer(815301076,1909f56bfc062723c751e8b465ee728b)  -> (artifact id: '2569484b4e895cafe17b6f92229f0ee4') in 0.063456 seconds 
  Import took 0.066959 seconds .

========================================================================
Received Import Request.
  Time since last request: 0.000246 seconds.
  path: Assets/2DpackageFixed/Preabs_class/Box-Pushable.prefab
  artifactKey: Guid(77bcc2da1e7be4c81a2cfa07ca6cceb9) Importer(815301076,1909f56bfc062723c751e8b465ee728b)
Start importing Assets/2DpackageFixed/Preabs_class/Box-Pushable.prefab using Guid(77bcc2da1e7be4c81a2cfa07ca6cceb9) Importer(815301076,1909f56bfc062723c751e8b465ee728b)  -> (artifact id: 'e6a6799efffbcfbe7488a4b754b67e70') in 0.012452 seconds 
  Import took 0.016477 seconds .

========================================================================
Received Import Request.
  Time since last request: 0.000360 seconds.
  path: Assets/2DpackageFixed/Preabs_class/LF3.prefab
  artifactKey: Guid(ab43f5defca904a4c92d89b7787b123c) Importer(815301076,1909f56bfc062723c751e8b465ee728b)
Start importing Assets/2DpackageFixed/Preabs_class/LF3.prefab using Guid(ab43f5defca904a4c92d89b7787b123c) Importer(815301076,1909f56bfc062723c751e8b465ee728b)  -> (artifact id: 'ae35a0d93ecc128881be07a3f6e2a13a') in 0.042406 seconds 
  Import took 0.046103 seconds .

========================================================================
Received Import Request.
  Time since last request: 0.000226 seconds.
  path: Assets/2DpackageFixed/Preabs_class/LotusFlowerV2.prefab
  artifactKey: Guid(e745a4db2b4914a9188c58b853b75872) Importer(815301076,1909f56bfc062723c751e8b465ee728b)
Start importing Assets/2DpackageFixed/Preabs_class/LotusFlowerV2.prefab using Guid(e745a4db2b4914a9188c58b853b75872) Importer(815301076,1909f56bfc062723c751e8b465ee728b)  -> (artifact id: '6d000dc05cdca3e4b9a98e8b07fe57c0') in 0.011132 seconds 
  Import took 0.013939 seconds .

========================================================================
Received Import Request.
  Time since last request: 0.000237 seconds.
  path: Assets/2DpackageFixed/Preabs_class/House.prefab
  artifactKey: Guid(4e5e7f0fc23aa450596bd10bdb172f02) Importer(815301076,1909f56bfc062723c751e8b465ee728b)
Start importing Assets/2DpackageFixed/Preabs_class/House.prefab using Guid(4e5e7f0fc23aa450596bd10bdb172f02) Importer(815301076,1909f56bfc062723c751e8b465ee728b)  -> (artifact id: '48d1cf68c33df2516b8ea2dd04bdbcd2') in 0.024480 seconds 
  Import took 0.027499 seconds .

========================================================================
Received Import Request.
  Time since last request: 0.000230 seconds.
  path: Assets/2DpackageFixed/Preabs_class/Enemy-Blend.prefab
  artifactKey: Guid(e509f202b60cb4c82977e52e7539c6f6) Importer(815301076,1909f56bfc062723c751e8b465ee728b)
Start importing Assets/2DpackageFixed/Preabs_class/Enemy-Blend.prefab using Guid(e509f202b60cb4c82977e52e7539c6f6) Importer(815301076,1909f56bfc062723c751e8b465ee728b)  -> (artifact id: 'ad7815a57588a51de2050e94bdb52354') in 0.023146 seconds 
  Import took 0.025931 seconds .

========================================================================
Received Import Request.
  Time since last request: 0.000247 seconds.
  path: Assets/2DpackageFixed/Preabs_class/CollectibleHealth.prefab
  artifactKey: Guid(571b3424bbc344dbf9491157c646e94e) Importer(815301076,1909f56bfc062723c751e8b465ee728b)
Start importing Assets/2DpackageFixed/Preabs_class/CollectibleHealth.prefab using Guid(571b3424bbc344dbf9491157c646e94e) Importer(815301076,1909f56bfc062723c751e8b465ee728b)  -> (artifact id: 'fe127a70711ca29f0a4e25fefc038714') in 0.015306 seconds 
  Import took 0.018655 seconds .

========================================================================
Received Import Request.
  Time since last request: 1.576801 seconds.
  path: Assets/2DpackageFixed/Audio/2D MUSIC LOOP.wav
  artifactKey: Guid(e406c04157c663a43b859646b7ad3c2a) Importer(815301076,1909f56bfc062723c751e8b465ee728b)
Start importing Assets/2DpackageFixed/Audio/2D MUSIC LOOP.wav using Guid(e406c04157c663a43b859646b7ad3c2a) Importer(815301076,1909f56bfc062723c751e8b465ee728b)  -> (artifact id: '2077188d0d35c608a137f25f1dd09cc5') in 0.035791 seconds 
  Import took 0.039160 seconds .

========================================================================
Received Import Request.
  Time since last request: 0.000207 seconds.
  path: Assets/2DpackageFixed/Audio/Hit for enemy 2.wav
  artifactKey: Guid(709a835b61b848644946696fdd5e5a4d) Importer(815301076,1909f56bfc062723c751e8b465ee728b)
Start importing Assets/2DpackageFixed/Audio/Hit for enemy 2.wav using Guid(709a835b61b848644946696fdd5e5a4d) Importer(815301076,1909f56bfc062723c751e8b465ee728b)  -> (artifact id: 'bae79d475201a9e6c959e7bd1e9d2a5c') in 0.009007 seconds 
  Import took 0.012371 seconds .

========================================================================
Received Import Request.
  Time since last request: 0.000233 seconds.
  path: Assets/2DpackageFixed/Audio/Hit for enemy 1.wav
  artifactKey: Guid(ae904c7305df7344d86b2092c0cb3a26) Importer(815301076,1909f56bfc062723c751e8b465ee728b)
Start importing Assets/2DpackageFixed/Audio/Hit for enemy 1.wav using Guid(ae904c7305df7344d86b2092c0cb3a26) Importer(815301076,1909f56bfc062723c751e8b465ee728b)  -> (artifact id: 'd1b8482c1b014791cab7be8607783e00') in 0.009336 seconds 
  Import took 0.012452 seconds .

========================================================================
Received Import Request.
  Time since last request: 0.000238 seconds.
  path: Assets/2DpackageFixed/Audio/Collectable.wav
  artifactKey: Guid(af5f8b64e3f58f24c87ff8f789b04f6c) Importer(815301076,1909f56bfc062723c751e8b465ee728b)
Start importing Assets/2DpackageFixed/Audio/Collectable.wav using Guid(af5f8b64e3f58f24c87ff8f789b04f6c) Importer(815301076,1909f56bfc062723c751e8b465ee728b)  -> (artifact id: '2c1b7c2bf256bd2c22fdd47c1a88f065') in 0.008400 seconds 
  Import took 0.011122 seconds .

========================================================================
Received Import Request.
  Time since last request: 1.680877 seconds.
  path: Assets/Prefabs_13/CogBullet.prefab
  artifactKey: Guid(399d211caa3a04b34aef007de1ef8f29) Importer(815301076,1909f56bfc062723c751e8b465ee728b)
Start importing Assets/Prefabs_13/CogBullet.prefab using Guid(399d211caa3a04b34aef007de1ef8f29) Importer(815301076,1909f56bfc062723c751e8b465ee728b)  -> (artifact id: 'b7f218e5cd36d7c728f07794b9d075ed') in 0.011493 seconds 
  Import took 0.015248 seconds .

========================================================================
Received Import Request.
  Time since last request: 0.000373 seconds.
  path: Assets/Prefabs_13/smokeEffect.prefab
  artifactKey: Guid(db51f7cd1c45549a7a93ed256d0629a8) Importer(815301076,1909f56bfc062723c751e8b465ee728b)
Start importing Assets/Prefabs_13/smokeEffect.prefab using Guid(db51f7cd1c45549a7a93ed256d0629a8) Importer(815301076,1909f56bfc062723c751e8b465ee728b)  -> (artifact id: '67db51df7b04e54ab1b935dd92775a44') in 0.010147 seconds 
  Import took 0.013340 seconds .

========================================================================
Received Import Request.
  Time since last request: 0.000296 seconds.
  path: Assets/Prefabs_13/HitedEffect.prefab
  artifactKey: Guid(e061bb19cc3ca4fe0bd9fdb0a43ff450) Importer(815301076,1909f56bfc062723c751e8b465ee728b)
Start importing Assets/Prefabs_13/HitedEffect.prefab using Guid(e061bb19cc3ca4fe0bd9fdb0a43ff450) Importer(815301076,1909f56bfc062723c751e8b465ee728b)  -> (artifact id: 'c1d896dfb86e8eeb24ce9598e5404852') in 0.010931 seconds 
  Import took 0.014053 seconds .

========================================================================
Received Import Request.
  Time since last request: 3.747772 seconds.
  path: Assets/Prefabs_13/CogBullet.prefab
  artifactKey: Guid(399d211caa3a04b34aef007de1ef8f29) Importer(815301076,1909f56bfc062723c751e8b465ee728b)
Start importing Assets/Prefabs_13/CogBullet.prefab using Guid(399d211caa3a04b34aef007de1ef8f29) Importer(815301076,1909f56bfc062723c751e8b465ee728b)  -> (artifact id: 'a063f2466902971b44aef09bbb7d2dd6') in 0.013499 seconds 
  Import took 0.017565 seconds .

========================================================================
Received Prepare
Registering precompiled user dll's ...
Registered in 0.002325 seconds.
Begin MonoManager ReloadAssembly
Native extension for WindowsStandalone target not found
Native extension for WebGL target not found
Refreshing native plugins compatible for Editor in 0.41 ms, found 3 plugins.
Preloading 0 native plugins for Editor in 0.00 ms.
Mono: successfully reloaded assembly
- Completed reload, in  0.809 seconds
Domain Reload Profiling:
	ReloadAssembly (809ms)
		BeginReloadAssembly (86ms)
			ExecutionOrderSort (0ms)
			DisableScriptedObjects (5ms)
			BackupInstance (0ms)
			ReleaseScriptingObjects (0ms)
			CreateAndSetChildDomain (29ms)
		EndReloadAssembly (675ms)
			LoadAssemblies (66ms)
			RebuildTransferFunctionScriptingTraits (0ms)
			SetupTypeCache (229ms)
			ReleaseScriptCaches (1ms)
			RebuildScriptCaches (37ms)
			SetupLoadedEditorAssemblies (256ms)
				LogAssemblyErrors (0ms)
				InitializePlatformSupportModulesInManaged (5ms)
				SetLoadedEditorAssemblies (0ms)
				RefreshPlugins (0ms)
				BeforeProcessingInitializeOnLoad (68ms)
				ProcessInitializeOnLoadAttributes (174ms)
				ProcessInitializeOnLoadMethodAttributes (4ms)
				AfterProcessingInitializeOnLoad (4ms)
				EditorAssembliesLoaded (0ms)
			ExecutionOrderSort2 (0ms)
			AwakeInstancesAfterBackupRestoration (9ms)
Platform modules already initialized, skipping
Refreshing native plugins compatible for Editor in 0.48 ms, found 3 plugins.
Preloading 0 native plugins for Editor in 0.00 ms.
Unloading 2255 Unused Serialized files (Serialized files now loaded: 0)
System memory in use before: 101.9 MB.
System memory in use after: 102.1 MB.

Unloading 19 unused Assets to reduce memory usage. Loaded Objects now: 2722.
Total: 2.897200 ms (FindLiveObjects: 0.182500 ms CreateObjectMapping: 0.085100 ms MarkObjects: 2.558000 ms  DeleteObjects: 0.071000 ms)

AssetImportParameters requested are different than current active one (requested -> active):
  custom:framework-win-MediaFoundation: 216162199b28c13a410421893ffa2e32 -> 
  custom:video-decoder-ogg-theora: a1e56fd34408186e4bbccfd4996cb3dc -> 
  custom:container-muxer-webm: aa71ff27fc2769a1b78a27578f13a17b -> 
  custom:container-demuxer-webm: 4f35f7cbe854078d1ac9338744f61a02 -> 
  custom:container-demuxer-ogg: 62fdf1f143b41e24485cea50d1cbac27 -> 
  custom:video-encoder-webm-vp8: eb34c28f22e8b96e1ab97ce403110664 -> 
  custom:video-decoder-webm-vp8: 9c59270c3fd7afecdb556c50c9e8de78 -> 
  custom:audio-decoder-ogg-vorbis: bf7c407c2cedff20999df2af8eb42d56 -> 
  custom:audio-encoder-webm-vorbis: bf7c407c2cedff20999df2af8eb42d56 -> 
========================================================================
Received Prepare
Registering precompiled user dll's ...
Registered in 0.002482 seconds.
Begin MonoManager ReloadAssembly
Native extension for WindowsStandalone target not found
Native extension for WebGL target not found
Refreshing native plugins compatible for Editor in 0.42 ms, found 3 plugins.
Preloading 0 native plugins for Editor in 0.00 ms.
Mono: successfully reloaded assembly
- Completed reload, in  0.814 seconds
Domain Reload Profiling:
	ReloadAssembly (814ms)
		BeginReloadAssembly (95ms)
			ExecutionOrderSort (0ms)
			DisableScriptedObjects (5ms)
			BackupInstance (0ms)
			ReleaseScriptingObjects (0ms)
			CreateAndSetChildDomain (26ms)
		EndReloadAssembly (671ms)
			LoadAssemblies (66ms)
			RebuildTransferFunctionScriptingTraits (0ms)
			SetupTypeCache (227ms)
			ReleaseScriptCaches (1ms)
			RebuildScriptCaches (36ms)
			SetupLoadedEditorAssemblies (255ms)
				LogAssemblyErrors (0ms)
				InitializePlatformSupportModulesInManaged (5ms)
				SetLoadedEditorAssemblies (0ms)
				RefreshPlugins (0ms)
				BeforeProcessingInitializeOnLoad (66ms)
				ProcessInitializeOnLoadAttributes (175ms)
				ProcessInitializeOnLoadMethodAttributes (4ms)
				AfterProcessingInitializeOnLoad (4ms)
				EditorAssembliesLoaded (0ms)
			ExecutionOrderSort2 (0ms)
			AwakeInstancesAfterBackupRestoration (8ms)
Platform modules already initialized, skipping
Refreshing native plugins compatible for Editor in 0.49 ms, found 3 plugins.
Preloading 0 native plugins for Editor in 0.00 ms.
Unloading 2254 Unused Serialized files (Serialized files now loaded: 0)
System memory in use before: 101.9 MB.
System memory in use after: 102.1 MB.

Unloading 16 unused Assets to reduce memory usage. Loaded Objects now: 2725.
Total: 3.060700 ms (FindLiveObjects: 0.202400 ms CreateObjectMapping: 0.090500 ms MarkObjects: 2.705300 ms  DeleteObjects: 0.061600 ms)

AssetImportParameters requested are different than current active one (requested -> active):
  custom:framework-win-MediaFoundation: 216162199b28c13a410421893ffa2e32 -> 
  custom:video-decoder-ogg-theora: a1e56fd34408186e4bbccfd4996cb3dc -> 
  custom:container-muxer-webm: aa71ff27fc2769a1b78a27578f13a17b -> 
  custom:container-demuxer-webm: 4f35f7cbe854078d1ac9338744f61a02 -> 
  custom:container-demuxer-ogg: 62fdf1f143b41e24485cea50d1cbac27 -> 
  custom:video-encoder-webm-vp8: eb34c28f22e8b96e1ab97ce403110664 -> 
  custom:video-decoder-webm-vp8: 9c59270c3fd7afecdb556c50c9e8de78 -> 
  custom:audio-decoder-ogg-vorbis: bf7c407c2cedff20999df2af8eb42d56 -> 
  custom:audio-encoder-webm-vorbis: bf7c407c2cedff20999df2af8eb42d56 -> 
========================================================================
Received Prepare
Registering precompiled user dll's ...
Registered in 0.002436 seconds.
Begin MonoManager ReloadAssembly
Native extension for WindowsStandalone target not found
Native extension for WebGL target not found
Refreshing native plugins compatible for Editor in 0.41 ms, found 3 plugins.
Preloading 0 native plugins for Editor in 0.00 ms.
Mono: successfully reloaded assembly
- Completed reload, in  0.807 seconds
Domain Reload Profiling:
	ReloadAssembly (807ms)
		BeginReloadAssembly (89ms)
			ExecutionOrderSort (0ms)
			DisableScriptedObjects (6ms)
			BackupInstance (0ms)
			ReleaseScriptingObjects (0ms)
			CreateAndSetChildDomain (28ms)
		EndReloadAssembly (670ms)
			LoadAssemblies (67ms)
			RebuildTransferFunctionScriptingTraits (0ms)
			SetupTypeCache (226ms)
			ReleaseScriptCaches (1ms)
			RebuildScriptCaches (36ms)
			SetupLoadedEditorAssemblies (256ms)
				LogAssemblyErrors (0ms)
				InitializePlatformSupportModulesInManaged (5ms)
				SetLoadedEditorAssemblies (0ms)
				RefreshPlugins (0ms)
				BeforeProcessingInitializeOnLoad (64ms)
				ProcessInitializeOnLoadAttributes (178ms)
				ProcessInitializeOnLoadMethodAttributes (4ms)
				AfterProcessingInitializeOnLoad (5ms)
				EditorAssembliesLoaded (0ms)
			ExecutionOrderSort2 (0ms)
			AwakeInstancesAfterBackupRestoration (9ms)
Platform modules already initialized, skipping
Refreshing native plugins compatible for Editor in 0.43 ms, found 3 plugins.
Preloading 0 native plugins for Editor in 0.00 ms.
Unloading 2254 Unused Serialized files (Serialized files now loaded: 0)
System memory in use before: 101.9 MB.
System memory in use after: 102.1 MB.

Unloading 16 unused Assets to reduce memory usage. Loaded Objects now: 2728.
Total: 2.515200 ms (FindLiveObjects: 0.174200 ms CreateObjectMapping: 0.076700 ms MarkObjects: 2.200100 ms  DeleteObjects: 0.063500 ms)

AssetImportParameters requested are different than current active one (requested -> active):
  custom:framework-win-MediaFoundation: 216162199b28c13a410421893ffa2e32 -> 
  custom:video-decoder-ogg-theora: a1e56fd34408186e4bbccfd4996cb3dc -> 
  custom:container-muxer-webm: aa71ff27fc2769a1b78a27578f13a17b -> 
  custom:container-demuxer-webm: 4f35f7cbe854078d1ac9338744f61a02 -> 
  custom:container-demuxer-ogg: 62fdf1f143b41e24485cea50d1cbac27 -> 
  custom:video-encoder-webm-vp8: eb34c28f22e8b96e1ab97ce403110664 -> 
  custom:video-decoder-webm-vp8: 9c59270c3fd7afecdb556c50c9e8de78 -> 
  custom:audio-decoder-ogg-vorbis: bf7c407c2cedff20999df2af8eb42d56 -> 
  custom:audio-encoder-webm-vorbis: bf7c407c2cedff20999df2af8eb42d56 -> 
========================================================================
Received Prepare
Registering precompiled user dll's ...
Registered in 0.002393 seconds.
Begin MonoManager ReloadAssembly
Native extension for WindowsStandalone target not found
Native extension for WebGL target not found
Refreshing native plugins compatible for Editor in 0.40 ms, found 3 plugins.
Preloading 0 native plugins for Editor in 0.00 ms.
Mono: successfully reloaded assembly
- Completed reload, in  0.798 seconds
Domain Reload Profiling:
	ReloadAssembly (799ms)
		BeginReloadAssembly (85ms)
			ExecutionOrderSort (0ms)
			DisableScriptedObjects (5ms)
			BackupInstance (0ms)
			ReleaseScriptingObjects (0ms)
			CreateAndSetChildDomain (26ms)
		EndReloadAssembly (666ms)
			LoadAssemblies (66ms)
			RebuildTransferFunctionScriptingTraits (0ms)
			SetupTypeCache (224ms)
			ReleaseScriptCaches (1ms)
			RebuildScriptCaches (37ms)
			SetupLoadedEditorAssemblies (253ms)
				LogAssemblyErrors (0ms)
				InitializePlatformSupportModulesInManaged (5ms)
				SetLoadedEditorAssemblies (0ms)
				RefreshPlugins (0ms)
				BeforeProcessingInitializeOnLoad (66ms)
				ProcessInitializeOnLoadAttributes (171ms)
				ProcessInitializeOnLoadMethodAttributes (6ms)
				AfterProcessingInitializeOnLoad (5ms)
				EditorAssembliesLoaded (0ms)
			ExecutionOrderSort2 (0ms)
			AwakeInstancesAfterBackupRestoration (9ms)
Platform modules already initialized, skipping
Refreshing native plugins compatible for Editor in 0.44 ms, found 3 plugins.
Preloading 0 native plugins for Editor in 0.00 ms.
Unloading 2254 Unused Serialized files (Serialized files now loaded: 0)
System memory in use before: 101.9 MB.
System memory in use after: 102.1 MB.

Unloading 16 unused Assets to reduce memory usage. Loaded Objects now: 2731.
Total: 2.704700 ms (FindLiveObjects: 0.170800 ms CreateObjectMapping: 0.078100 ms MarkObjects: 2.389000 ms  DeleteObjects: 0.066100 ms)

AssetImportParameters requested are different than current active one (requested -> active):
  custom:framework-win-MediaFoundation: 216162199b28c13a410421893ffa2e32 -> 
  custom:video-decoder-ogg-theora: a1e56fd34408186e4bbccfd4996cb3dc -> 
  custom:container-muxer-webm: aa71ff27fc2769a1b78a27578f13a17b -> 
  custom:container-demuxer-webm: 4f35f7cbe854078d1ac9338744f61a02 -> 
  custom:container-demuxer-ogg: 62fdf1f143b41e24485cea50d1cbac27 -> 
  custom:video-encoder-webm-vp8: eb34c28f22e8b96e1ab97ce403110664 -> 
  custom:video-decoder-webm-vp8: 9c59270c3fd7afecdb556c50c9e8de78 -> 
  custom:audio-decoder-ogg-vorbis: bf7c407c2cedff20999df2af8eb42d56 -> 
  custom:audio-encoder-webm-vorbis: bf7c407c2cedff20999df2af8eb42d56 -> 
========================================================================
Received Prepare
Registering precompiled user dll's ...
Registered in 0.002360 seconds.
Begin MonoManager ReloadAssembly
Native extension for WindowsStandalone target not found
Native extension for WebGL target not found
Refreshing native plugins compatible for Editor in 0.41 ms, found 3 plugins.
Preloading 0 native plugins for Editor in 0.00 ms.
Mono: successfully reloaded assembly
- Completed reload, in  0.803 seconds
Domain Reload Profiling:
	ReloadAssembly (803ms)
		BeginReloadAssembly (95ms)
			ExecutionOrderSort (0ms)
			DisableScriptedObjects (6ms)
			BackupInstance (0ms)
			ReleaseScriptingObjects (0ms)
			CreateAndSetChildDomain (26ms)
		EndReloadAssembly (660ms)
			LoadAssemblies (68ms)
			RebuildTransferFunctionScriptingTraits (0ms)
			SetupTypeCache (224ms)
			ReleaseScriptCaches (1ms)
			RebuildScriptCaches (38ms)
			SetupLoadedEditorAssemblies (242ms)
				LogAssemblyErrors (0ms)
				InitializePlatformSupportModulesInManaged (5ms)
				SetLoadedEditorAssemblies (0ms)
				RefreshPlugins (0ms)
				BeforeProcessingInitializeOnLoad (65ms)
				ProcessInitializeOnLoadAttributes (162ms)
				ProcessInitializeOnLoadMethodAttributes (5ms)
				AfterProcessingInitializeOnLoad (4ms)
				EditorAssembliesLoaded (0ms)
			ExecutionOrderSort2 (0ms)
			AwakeInstancesAfterBackupRestoration (8ms)
Platform modules already initialized, skipping
Refreshing native plugins compatible for Editor in 0.42 ms, found 3 plugins.
Preloading 0 native plugins for Editor in 0.00 ms.
Unloading 2254 Unused Serialized files (Serialized files now loaded: 0)
System memory in use before: 101.8 MB.
System memory in use after: 102.0 MB.

Unloading 16 unused Assets to reduce memory usage. Loaded Objects now: 2734.
Total: 2.745500 ms (FindLiveObjects: 0.160900 ms CreateObjectMapping: 0.069500 ms MarkObjects: 2.444200 ms  DeleteObjects: 0.070300 ms)

AssetImportParameters requested are different than current active one (requested -> active):
  custom:framework-win-MediaFoundation: 216162199b28c13a410421893ffa2e32 -> 
  custom:video-decoder-ogg-theora: a1e56fd34408186e4bbccfd4996cb3dc -> 
  custom:container-muxer-webm: aa71ff27fc2769a1b78a27578f13a17b -> 
  custom:container-demuxer-webm: 4f35f7cbe854078d1ac9338744f61a02 -> 
  custom:container-demuxer-ogg: 62fdf1f143b41e24485cea50d1cbac27 -> 
  custom:video-encoder-webm-vp8: eb34c28f22e8b96e1ab97ce403110664 -> 
  custom:video-decoder-webm-vp8: 9c59270c3fd7afecdb556c50c9e8de78 -> 
  custom:audio-decoder-ogg-vorbis: bf7c407c2cedff20999df2af8eb42d56 -> 
  custom:audio-encoder-webm-vorbis: bf7c407c2cedff20999df2af8eb42d56 -> 
========================================================================
Received Prepare
Registering precompiled user dll's ...
Registered in 0.002211 seconds.
Begin MonoManager ReloadAssembly
Native extension for WindowsStandalone target not found
Native extension for WebGL target not found
Refreshing native plugins compatible for Editor in 0.44 ms, found 3 plugins.
Preloading 0 native plugins for Editor in 0.00 ms.
Mono: successfully reloaded assembly
- Completed reload, in  0.814 seconds
Domain Reload Profiling:
	ReloadAssembly (814ms)
		BeginReloadAssembly (97ms)
			ExecutionOrderSort (0ms)
			DisableScriptedObjects (5ms)
			BackupInstance (0ms)
			ReleaseScriptingObjects (0ms)
			CreateAndSetChildDomain (26ms)
		EndReloadAssembly (669ms)
			LoadAssemblies (69ms)
			RebuildTransferFunctionScriptingTraits (0ms)
			SetupTypeCache (227ms)
			ReleaseScriptCaches (1ms)
			RebuildScriptCaches (36ms)
			SetupLoadedEditorAssemblies (251ms)
				LogAssemblyErrors (0ms)
				InitializePlatformSupportModulesInManaged (4ms)
				SetLoadedEditorAssemblies (0ms)
				RefreshPlugins (0ms)
				BeforeProcessingInitializeOnLoad (68ms)
				ProcessInitializeOnLoadAttributes (169ms)
				ProcessInitializeOnLoadMethodAttributes (4ms)
				AfterProcessingInitializeOnLoad (4ms)
				EditorAssembliesLoaded (0ms)
			ExecutionOrderSort2 (0ms)
			AwakeInstancesAfterBackupRestoration (8ms)
Platform modules already initialized, skipping
Refreshing native plugins compatible for Editor in 0.44 ms, found 3 plugins.
Preloading 0 native plugins for Editor in 0.00 ms.
Unloading 2254 Unused Serialized files (Serialized files now loaded: 0)
System memory in use before: 101.9 MB.
System memory in use after: 102.1 MB.

Unloading 16 unused Assets to reduce memory usage. Loaded Objects now: 2737.
Total: 2.981400 ms (FindLiveObjects: 0.187000 ms CreateObjectMapping: 0.081100 ms MarkObjects: 2.654200 ms  DeleteObjects: 0.058300 ms)

AssetImportParameters requested are different than current active one (requested -> active):
  custom:framework-win-MediaFoundation: 216162199b28c13a410421893ffa2e32 -> 
  custom:video-decoder-ogg-theora: a1e56fd34408186e4bbccfd4996cb3dc -> 
  custom:container-muxer-webm: aa71ff27fc2769a1b78a27578f13a17b -> 
  custom:container-demuxer-webm: 4f35f7cbe854078d1ac9338744f61a02 -> 
  custom:container-demuxer-ogg: 62fdf1f143b41e24485cea50d1cbac27 -> 
  custom:video-encoder-webm-vp8: eb34c28f22e8b96e1ab97ce403110664 -> 
  custom:video-decoder-webm-vp8: 9c59270c3fd7afecdb556c50c9e8de78 -> 
  custom:audio-decoder-ogg-vorbis: bf7c407c2cedff20999df2af8eb42d56 -> 
  custom:audio-encoder-webm-vorbis: bf7c407c2cedff20999df2af8eb42d56 -> 
========================================================================
Received Prepare
Registering precompiled user dll's ...
Registered in 0.002119 seconds.
Begin MonoManager ReloadAssembly
Native extension for WindowsStandalone target not found
Native extension for WebGL target not found
Refreshing native plugins compatible for Editor in 0.60 ms, found 3 plugins.
Preloading 0 native plugins for Editor in 0.00 ms.
Mono: successfully reloaded assembly
- Completed reload, in  0.798 seconds
Domain Reload Profiling:
	ReloadAssembly (798ms)
		BeginReloadAssembly (83ms)
			ExecutionOrderSort (0ms)
			DisableScriptedObjects (5ms)
			BackupInstance (0ms)
			ReleaseScriptingObjects (0ms)
			CreateAndSetChildDomain (26ms)
		EndReloadAssembly (668ms)
			LoadAssemblies (66ms)
			RebuildTransferFunctionScriptingTraits (0ms)
			SetupTypeCache (227ms)
			ReleaseScriptCaches (1ms)
			RebuildScriptCaches (36ms)
			SetupLoadedEditorAssemblies (253ms)
				LogAssemblyErrors (0ms)
				InitializePlatformSupportModulesInManaged (4ms)
				SetLoadedEditorAssemblies (0ms)
				RefreshPlugins (1ms)
				BeforeProcessingInitializeOnLoad (66ms)
				ProcessInitializeOnLoadAttributes (173ms)
				ProcessInitializeOnLoadMethodAttributes (4ms)
				AfterProcessingInitializeOnLoad (4ms)
				EditorAssembliesLoaded (0ms)
			ExecutionOrderSort2 (0ms)
			AwakeInstancesAfterBackupRestoration (9ms)
Platform modules already initialized, skipping
Refreshing native plugins compatible for Editor in 0.43 ms, found 3 plugins.
Preloading 0 native plugins for Editor in 0.00 ms.
Unloading 2254 Unused Serialized files (Serialized files now loaded: 0)
System memory in use before: 101.9 MB.
System memory in use after: 102.1 MB.

Unloading 16 unused Assets to reduce memory usage. Loaded Objects now: 2740.
Total: 2.903800 ms (FindLiveObjects: 0.210100 ms CreateObjectMapping: 0.075000 ms MarkObjects: 2.551900 ms  DeleteObjects: 0.066200 ms)

AssetImportParameters requested are different than current active one (requested -> active):
  custom:framework-win-MediaFoundation: 216162199b28c13a410421893ffa2e32 -> 
  custom:video-decoder-ogg-theora: a1e56fd34408186e4bbccfd4996cb3dc -> 
  custom:container-muxer-webm: aa71ff27fc2769a1b78a27578f13a17b -> 
  custom:container-demuxer-webm: 4f35f7cbe854078d1ac9338744f61a02 -> 
  custom:container-demuxer-ogg: 62fdf1f143b41e24485cea50d1cbac27 -> 
  custom:video-encoder-webm-vp8: eb34c28f22e8b96e1ab97ce403110664 -> 
  custom:video-decoder-webm-vp8: 9c59270c3fd7afecdb556c50c9e8de78 -> 
  custom:audio-decoder-ogg-vorbis: bf7c407c2cedff20999df2af8eb42d56 -> 
  custom:audio-encoder-webm-vorbis: bf7c407c2cedff20999df2af8eb42d56 -> 
========================================================================
Received Import Request.
  Time since last request: 835.927521 seconds.
  path: Assets/Prefabs/PickupEffect.prefab
  artifactKey: Guid(96e9cd9955be74842b5d6b2e427ffe16) Importer(815301076,1909f56bfc062723c751e8b465ee728b)
Start importing Assets/Prefabs/PickupEffect.prefab using Guid(96e9cd9955be74842b5d6b2e427ffe16) Importer(815301076,1909f56bfc062723c751e8b465ee728b)  -> (artifact id: 'c8dd1286753878cde1fca2437ac55b3f') in 0.054728 seconds 
  Import took 0.058082 seconds .

========================================================================
Received Prepare
Registering precompiled user dll's ...
Registered in 0.002346 seconds.
Begin MonoManager ReloadAssembly
Native extension for WindowsStandalone target not found
Native extension for WebGL target not found
Refreshing native plugins compatible for Editor in 0.44 ms, found 3 plugins.
Preloading 0 native plugins for Editor in 0.00 ms.
Mono: successfully reloaded assembly
- Completed reload, in  0.818 seconds
Domain Reload Profiling:
	ReloadAssembly (818ms)
		BeginReloadAssembly (91ms)
			ExecutionOrderSort (0ms)
			DisableScriptedObjects (5ms)
			BackupInstance (0ms)
			ReleaseScriptingObjects (0ms)
			CreateAndSetChildDomain (29ms)
		EndReloadAssembly (679ms)
			LoadAssemblies (70ms)
			RebuildTransferFunctionScriptingTraits (0ms)
			SetupTypeCache (226ms)
			ReleaseScriptCaches (1ms)
			RebuildScriptCaches (37ms)
			SetupLoadedEditorAssemblies (259ms)
				LogAssemblyErrors (0ms)
				InitializePlatformSupportModulesInManaged (5ms)
				SetLoadedEditorAssemblies (0ms)
				RefreshPlugins (0ms)
				BeforeProcessingInitializeOnLoad (67ms)
				ProcessInitializeOnLoadAttributes (177ms)
				ProcessInitializeOnLoadMethodAttributes (4ms)
				AfterProcessingInitializeOnLoad (4ms)
				EditorAssembliesLoaded (0ms)
			ExecutionOrderSort2 (0ms)
			AwakeInstancesAfterBackupRestoration (9ms)
Platform modules already initialized, skipping
Refreshing native plugins compatible for Editor in 0.42 ms, found 3 plugins.
Preloading 0 native plugins for Editor in 0.00 ms.
Unloading 2254 Unused Serialized files (Serialized files now loaded: 0)
System memory in use before: 102.0 MB.
System memory in use after: 102.1 MB.

Unloading 18 unused Assets to reduce memory usage. Loaded Objects now: 2744.
Total: 2.988600 ms (FindLiveObjects: 0.195700 ms CreateObjectMapping: 0.085000 ms MarkObjects: 2.599100 ms  DeleteObjects: 0.107900 ms)

AssetImportParameters requested are different than current active one (requested -> active):
  custom:framework-win-MediaFoundation: 216162199b28c13a410421893ffa2e32 -> 
  custom:video-decoder-ogg-theora: a1e56fd34408186e4bbccfd4996cb3dc -> 
  custom:container-muxer-webm: aa71ff27fc2769a1b78a27578f13a17b -> 
  custom:container-demuxer-webm: 4f35f7cbe854078d1ac9338744f61a02 -> 
  custom:container-demuxer-ogg: 62fdf1f143b41e24485cea50d1cbac27 -> 
  custom:video-encoder-webm-vp8: eb34c28f22e8b96e1ab97ce403110664 -> 
  custom:video-decoder-webm-vp8: 9c59270c3fd7afecdb556c50c9e8de78 -> 
  custom:audio-decoder-ogg-vorbis: bf7c407c2cedff20999df2af8eb42d56 -> 
  custom:audio-encoder-webm-vorbis: bf7c407c2cedff20999df2af8eb42d56 -> 
========================================================================
Received Prepare
Registering precompiled user dll's ...
Registered in 0.002671 seconds.
Begin MonoManager ReloadAssembly
Native extension for WindowsStandalone target not found
Native extension for WebGL target not found
Refreshing native plugins compatible for Editor in 0.43 ms, found 3 plugins.
Preloading 0 native plugins for Editor in 0.00 ms.
Mono: successfully reloaded assembly
- Completed reload, in  0.802 seconds
Domain Reload Profiling:
	ReloadAssembly (802ms)
		BeginReloadAssembly (86ms)
			ExecutionOrderSort (0ms)
			DisableScriptedObjects (6ms)
			BackupInstance (0ms)
			ReleaseScriptingObjects (0ms)
			CreateAndSetChildDomain (27ms)
		EndReloadAssembly (667ms)
			LoadAssemblies (67ms)
			RebuildTransferFunctionScriptingTraits (0ms)
			SetupTypeCache (223ms)
			ReleaseScriptCaches (1ms)
			RebuildScriptCaches (36ms)
			SetupLoadedEditorAssemblies (254ms)
				LogAssemblyErrors (0ms)
				InitializePlatformSupportModulesInManaged (4ms)
				SetLoadedEditorAssemblies (0ms)
				RefreshPlugins (0ms)
				BeforeProcessingInitializeOnLoad (67ms)
				ProcessInitializeOnLoadAttributes (171ms)
				ProcessInitializeOnLoadMethodAttributes (4ms)
				AfterProcessingInitializeOnLoad (6ms)
				EditorAssembliesLoaded (0ms)
			ExecutionOrderSort2 (0ms)
			AwakeInstancesAfterBackupRestoration (9ms)
Platform modules already initialized, skipping
Refreshing native plugins compatible for Editor in 0.42 ms, found 3 plugins.
Preloading 0 native plugins for Editor in 0.00 ms.
Unloading 2254 Unused Serialized files (Serialized files now loaded: 0)
System memory in use before: 102.0 MB.
System memory in use after: 102.2 MB.

Unloading 16 unused Assets to reduce memory usage. Loaded Objects now: 2747.
Total: 2.723400 ms (FindLiveObjects: 0.181900 ms CreateObjectMapping: 0.080000 ms MarkObjects: 2.393300 ms  DeleteObjects: 0.067500 ms)

AssetImportParameters requested are different than current active one (requested -> active):
  custom:framework-win-MediaFoundation: 216162199b28c13a410421893ffa2e32 -> 
  custom:video-decoder-ogg-theora: a1e56fd34408186e4bbccfd4996cb3dc -> 
  custom:container-muxer-webm: aa71ff27fc2769a1b78a27578f13a17b -> 
  custom:container-demuxer-webm: 4f35f7cbe854078d1ac9338744f61a02 -> 
  custom:container-demuxer-ogg: 62fdf1f143b41e24485cea50d1cbac27 -> 
  custom:video-encoder-webm-vp8: eb34c28f22e8b96e1ab97ce403110664 -> 
  custom:video-decoder-webm-vp8: 9c59270c3fd7afecdb556c50c9e8de78 -> 
  custom:audio-decoder-ogg-vorbis: bf7c407c2cedff20999df2af8eb42d56 -> 
  custom:audio-encoder-webm-vorbis: bf7c407c2cedff20999df2af8eb42d56 -> 
========================================================================
Received Import Request.
  Time since last request: 788.835758 seconds.
  path: Assets/Scripts/KG_class/GoGoGo_14a.cs
  artifactKey: Guid(1184dcd3001834bbeb2a69657e1ec5ec) Importer(815301076,1909f56bfc062723c751e8b465ee728b)
Start importing Assets/Scripts/KG_class/GoGoGo_14a.cs using Guid(1184dcd3001834bbeb2a69657e1ec5ec) Importer(815301076,1909f56bfc062723c751e8b465ee728b)  -> (artifact id: '5ed4864fda666f1fc8876b9c0180c3b6') in 0.009680 seconds 
  Import took 0.013863 seconds .

========================================================================
Received Prepare
Registering precompiled user dll's ...
Registered in 0.002362 seconds.
Begin MonoManager ReloadAssembly
Native extension for WindowsStandalone target not found
Native extension for WebGL target not found
Refreshing native plugins compatible for Editor in 0.42 ms, found 3 plugins.
Preloading 0 native plugins for Editor in 0.00 ms.
Mono: successfully reloaded assembly
- Completed reload, in  0.902 seconds
Domain Reload Profiling:
	ReloadAssembly (902ms)
		BeginReloadAssembly (102ms)
			ExecutionOrderSort (0ms)
			DisableScriptedObjects (5ms)
			BackupInstance (0ms)
			ReleaseScriptingObjects (0ms)
			CreateAndSetChildDomain (30ms)
		EndReloadAssembly (745ms)
			LoadAssemblies (80ms)
			RebuildTransferFunctionScriptingTraits (0ms)
			SetupTypeCache (254ms)
			ReleaseScriptCaches (1ms)
			RebuildScriptCaches (41ms)
			SetupLoadedEditorAssemblies (276ms)
				LogAssemblyErrors (0ms)
				InitializePlatformSupportModulesInManaged (5ms)
				SetLoadedEditorAssemblies (0ms)
				RefreshPlugins (0ms)
				BeforeProcessingInitializeOnLoad (73ms)
				ProcessInitializeOnLoadAttributes (186ms)
				ProcessInitializeOnLoadMethodAttributes (5ms)
				AfterProcessingInitializeOnLoad (5ms)
				EditorAssembliesLoaded (0ms)
			ExecutionOrderSort2 (0ms)
			AwakeInstancesAfterBackupRestoration (9ms)
Platform modules already initialized, skipping
Refreshing native plugins compatible for Editor in 0.46 ms, found 3 plugins.
Preloading 0 native plugins for Editor in 0.00 ms.
Unloading 2254 Unused Serialized files (Serialized files now loaded: 0)
System memory in use before: 101.9 MB.
System memory in use after: 102.1 MB.

Unloading 16 unused Assets to reduce memory usage. Loaded Objects now: 2750.
Total: 3.016600 ms (FindLiveObjects: 0.187500 ms CreateObjectMapping: 0.117600 ms MarkObjects: 2.653300 ms  DeleteObjects: 0.057600 ms)

AssetImportParameters requested are different than current active one (requested -> active):
  custom:framework-win-MediaFoundation: 216162199b28c13a410421893ffa2e32 -> 
  custom:video-decoder-ogg-theora: a1e56fd34408186e4bbccfd4996cb3dc -> 
  custom:container-muxer-webm: aa71ff27fc2769a1b78a27578f13a17b -> 
  custom:container-demuxer-webm: 4f35f7cbe854078d1ac9338744f61a02 -> 
  custom:container-demuxer-ogg: 62fdf1f143b41e24485cea50d1cbac27 -> 
  custom:video-encoder-webm-vp8: eb34c28f22e8b96e1ab97ce403110664 -> 
  custom:video-decoder-webm-vp8: 9c59270c3fd7afecdb556c50c9e8de78 -> 
  custom:audio-decoder-ogg-vorbis: bf7c407c2cedff20999df2af8eb42d56 -> 
  custom:audio-encoder-webm-vorbis: bf7c407c2cedff20999df2af8eb42d56 -> 
========================================================================
Received Import Request.
  Time since last request: 3795.641183 seconds.
  path: Assets/2DpackageFixed/Audio/Footsteps2a.wav
  artifactKey: Guid(a20c77ecd5de9eb4a98731b45ad84c3e) Importer(815301076,1909f56bfc062723c751e8b465ee728b)
Start importing Assets/2DpackageFixed/Audio/Footsteps2a.wav using Guid(a20c77ecd5de9eb4a98731b45ad84c3e) Importer(815301076,1909f56bfc062723c751e8b465ee728b)  -> (artifact id: 'ec4114c08ca62f0438743a345ad6a802') in 0.042320 seconds 
  Import took 0.046080 seconds .

========================================================================
Received Import Request.
  Time since last request: 0.000247 seconds.
  path: Assets/2DpackageFixed/Audio/Robot Fixed.wav
  artifactKey: Guid(e7fa1971a86d60945bb64585c0ac14d5) Importer(815301076,1909f56bfc062723c751e8b465ee728b)
Start importing Assets/2DpackageFixed/Audio/Robot Fixed.wav using Guid(e7fa1971a86d60945bb64585c0ac14d5) Importer(815301076,1909f56bfc062723c751e8b465ee728b)  -> (artifact id: 'b0f543d931514fe435c6ca33cfe96fc4') in 0.009208 seconds 
  Import took 0.011782 seconds .

========================================================================
Received Import Request.
  Time since last request: 0.000271 seconds.
  path: Assets/2DpackageFixed/Audio/Player Hit.wav
  artifactKey: Guid(9b1bb1f450b7d444fa4a8019d13519a7) Importer(815301076,1909f56bfc062723c751e8b465ee728b)
Start importing Assets/2DpackageFixed/Audio/Player Hit.wav using Guid(9b1bb1f450b7d444fa4a8019d13519a7) Importer(815301076,1909f56bfc062723c751e8b465ee728b)  -> (artifact id: 'dbf115755ea15c0be5035df6be0b356c') in 0.009749 seconds 
  Import took 0.012946 seconds .

========================================================================
Received Import Request.
  Time since last request: 0.000247 seconds.
  path: Assets/2DpackageFixed/Audio/Quest Complete.wav
  artifactKey: Guid(f987bfc0b774d3f4e82dc47e91f78584) Importer(815301076,1909f56bfc062723c751e8b465ee728b)
Start importing Assets/2DpackageFixed/Audio/Quest Complete.wav using Guid(f987bfc0b774d3f4e82dc47e91f78584) Importer(815301076,1909f56bfc062723c751e8b465ee728b)  -> (artifact id: 'f0846413c6b008a6b902a179d030b92a') in 0.010718 seconds 
  Import took 0.013890 seconds .

========================================================================
Received Import Request.
  Time since last request: 0.000233 seconds.
  path: Assets/2DpackageFixed/Audio/Robot Walking_Broken.wav
  artifactKey: Guid(6bfbad8ffdf387d4e87e8fa07b62f7c1) Importer(815301076,1909f56bfc062723c751e8b465ee728b)
Start importing Assets/2DpackageFixed/Audio/Robot Walking_Broken.wav using Guid(6bfbad8ffdf387d4e87e8fa07b62f7c1) Importer(815301076,1909f56bfc062723c751e8b465ee728b)  -> (artifact id: 'dbfa0ace83d0fe2fbfe81a2361cb110b') in 0.010386 seconds 
  Import took 0.013198 seconds .

========================================================================
Received Import Request.
  Time since last request: 0.000254 seconds.
  path: Assets/2DpackageFixed/Audio/Throw Cog.wav
  artifactKey: Guid(b2edfd40873655249ba0e01a5cf705be) Importer(815301076,1909f56bfc062723c751e8b465ee728b)
Start importing Assets/2DpackageFixed/Audio/Throw Cog.wav using Guid(b2edfd40873655249ba0e01a5cf705be) Importer(815301076,1909f56bfc062723c751e8b465ee728b)  -> (artifact id: 'b9ad1b9f182cf6f31112b74fa2804993') in 0.009891 seconds 
  Import took 0.012960 seconds .

